0:100  0:100  MemLog inited, TSC freq: 1992308860
0:100  0:000  CPU was calibrated with RTC
0:100  0:000  
0:100  0:000  Now is 18.11.2019,  0:12:20 (GMT)
0:100  0:000  Starting Clover revision: 5070 on American Megatrends EFI
0:100  0:000  Build with: [Args: -D NO_GRUB_DRIVERS_EMBEDDED | -D NO_GRUB_DRIVERS_EMBEDDED -D USE_LOW_EBDA -a X64 -b RELEASE -t XCODE8 -n 5 | OS: 10.14.6 | XCODE: 10.3]
0:100  0:000  SelfDevicePath=PciRoot(0x0)\Pci(0x17,0x0)\Sata(0x0,0xFFFF,0x0)\HD(1,GPT,5A07AA00-1A97-4085-A7A6-10795D202682,0x28,0x64000) @774ABC98
0:100  0:000  SelfDirPath = \EFI\BOOT
0:101  0:001  SimpleTextEx Status=Success
0:101  0:000  === [ Get Smbios ] ========================================
0:101  0:000  Type 16 Index = 0
0:101  0:000  Total Memory Slots Count = 2
0:101  0:000  Type 17 Index = 0
0:101  0:000  SmbiosTable.Type17->Speed = 2133MHz
0:101  0:000  SmbiosTable.Type17->Size = 4096MB
0:101  0:000  SmbiosTable.Type17->Bank/Device = BANK 0 ChannelA-DIMM0
0:101  0:000  SmbiosTable.Type17->Vendor = SK Hynix
0:101  0:000  SmbiosTable.Type17->SerialNumber = 00000000
0:101  0:000  SmbiosTable.Type17->PartNumber = HMA451S6AFR8N-TF    
0:101  0:000  Type 17 Index = 1
0:101  0:000  SmbiosTable.Type17->Speed = 2133MHz
0:101  0:000  SmbiosTable.Type17->Size = 8192MB
0:101  0:000  SmbiosTable.Type17->Bank/Device = BANK 2 ChannelB-DIMM0
0:101  0:000  SmbiosTable.Type17->Vendor = 8A94
0:101  0:000  SmbiosTable.Type17->SerialNumber = 0000005B
0:101  0:000  SmbiosTable.Type17->PartNumber = D4R8GS24A8R         
0:101  0:000  Boot status=0
0:101  0:000  Running on: 'X441UV' with board 'X441UV'
0:101  0:000  === [ GetCPUProperties ] ==================================
0:101  0:000  CPU Vendor = 756E6547 Model=406E3
0:101  0:000   The CPU supported SSE4.1
0:101  0:000  BrandString = Intel(R) Core(TM) i3-6006U CPU @ 2.00GHz
0:101  0:000   The CPU not supported turbo
0:101  0:000  MSR 0x35               20004
0:101  0:000   TSC/CCC Information Leaf:
0:101  0:000    numerator     : 166
0:101  0:000    denominator   : 2
0:101  0:000   Calibrated ARTFrequency: 24003721
0:101  0:000   Rounded ARTFrequency: 24100000
0:101  0:000  MSR 0xE2 before patch 1E008006
0:101  0:000  MSR 0xE2 is locked, PM patches will be turned on
0:101  0:000  MSR 0xCE              00040439_F1011400
0:101  0:000  corrected FLEX_RATIO = 0
0:101  0:000  MSR 0x1B0             00000000
0:101  0:000  FSBFrequency = 100 MHz, DMI FSBFrequency = 100 MHz, Corrected FSBFrequency = 100 MHz
0:101  0:000  MaxDiv/MinDiv: 20.0/4
0:101  0:000  Turbo: 20/20/20/20
0:101  0:000  Features: 0xBFEBFBFF
0:101  0:000  Threads: 4
0:101  0:000  Cores: 2
0:101  0:000  FSB: 100 MHz
0:101  0:000  CPU: 2000 MHz
0:101  0:000  TSC: 2000 MHz
0:101  0:000  PIS: 100 MHz
0:101  0:000  ExternalClock: 25 MHz
0:101  0:000  === [ GetDevices ] ========================================
0:101  0:000  GOP found at: PciRoot(0x0)/Pci(0x2,0x0)/AcpiAdr(0x80011400)
0:101  0:000  PCI (00|00:00.00) : 8086 1904 class=060000
0:101  0:000  PCI (00|00:02.00) : 8086 1916 class=030000
0:101  0:000   - GOP: Provided by device
0:101  0:000   - GFX: Model=Intel HD Graphics 520 (Intel)
0:101  0:000  PCI (00|00:04.00) : 8086 1903 class=118000
0:101  0:000  PCI (00|00:14.00) : 8086 9D2F class=0C0330
0:101  0:000  PCI (00|00:14.02) : 8086 9D31 class=118000
0:101  0:000  PCI (00|00:15.00) : 8086 9D60 class=118000
0:101  0:000  PCI (00|00:15.01) : 8086 9D61 class=118000
0:101  0:000  PCI (00|00:16.00) : 8086 9D3A class=078000
0:101  0:000  PCI (00|00:17.00) : 8086 9D03 class=010601
0:101  0:000  PCI (00|00:1C.00) : 8086 9D10 class=060400
0:101  0:000  PCI (00|01:00.00) : 10DE 134F class=030200
0:101  0:000  PCI (00|00:1C.04) : 8086 9D14 class=060400
0:101  0:000  PCI (00|02:00.00) : 10EC 8136 class=020000
0:101  0:000   - LAN: 0 Vendor=Realtek
0:101  0:000  PCI (00|00:1C.05) : 8086 9D15 class=060400
0:101  0:000  PCI (00|03:00.00) : 168C 0036 class=028000
0:101  0:000   - WIFI: Vendor=Atheros
0:101  0:000  PCI (00|00:1F.00) : 8086 9D48 class=060100
0:101  0:000  PCI (00|00:1F.02) : 8086 9D21 class=058000
0:101  0:000  PCI (00|00:1F.03) : 8086 9D70 class=040300
0:101  0:000  PCI (00|00:1F.04) : 8086 9D23 class=0C0500
0:101  0:000  === [ GetDefaultSettings ] ================================
0:101  0:000  Clover load options size = 0 bytes
0:104  0:002  EFI\CLOVER\config.plist loaded: Success
0:121  0:017  === [ GetListOfThemes ] ===================================
0:121  0:000  - [00]: embedded
0:122  0:000  - [00]: random
0:122  0:000  === [ Found config plists ] ===============================
0:122  0:000  - config.plist
0:122  0:000  === [ GetEarlyUserSettings ] ==============================
0:122  0:000  timeout set to 5
0:122  0:000  Custom boot CUSTOM_BOOT_DISABLED (0x0)
0:122  0:000  KextsToPatch: 4 requested
0:122  0:000   - [00]: com.apple.driver.usb.AppleUSBXHCI (Unlock Port Limit USB XHC Mojave) :: MatchOS: 10.14.x :: BinPatch :: data len: 9
0:122  0:000   - [01]: com.apple.iokit.IOAHCIBlockStorage (Enable TRIM for SSD) :: BinPatch :: data len: 11
0:122  0:000   - patch disabled at config
0:122  0:000   - [02]: com.apple.driver.AppleIntelLpssI2C (Prevent Apple I2C kexts from attaching to I2C controllers, credit CoolStar) :: PlistPatch :: data len: 5
0:122  0:000   - [03]: com.apple.driver.AppleIntelLpssI2CController (Prevent Apple I2C kexts from attaching to I2C controllers, credit CoolStar) :: PlistPatch :: data len: 5
0:122  0:000  KernelToPatch: 3 requested
0:122  0:000   - [00]: MSR 0xE2 _xcpm_idle instant reboot(c) Pike R. Alpha :: data len: 8
0:122  0:000   - [01]: Prevent Long Log Cache when Kernel Panic :: MatchOS: 10.14.1 :: data len: 6
0:122  0:000   - [02]: Prevent Long Log Cache when Kernel Panic :: MatchOS: 10.13.6 :: data len: 6
0:122  0:000  Default theme: embedded
0:122  0:000  Hiding entries with string Preboot
0:122  0:000  Hiding entries with string Recovery
0:122  0:000  Hiding entries with string Windows
0:122  0:000  === [ LoadDrivers ] =======================================
0:122  0:000  Loading ApfsDriverLoader-64.efi  status=Success
0:126  0:003   - driver needs connecting
0:126  0:000  Loading AptioMemoryFix-64.efi  status=Success
0:128  0:002  Loading AudioDxe-64.efi  status=Success
0:132  0:003   - driver needs connecting
0:132  0:000  Loading DataHubDxe-64.efi  status=Success
0:136  0:003  Loading EnglishDxe-64.efi  status=Success
0:138  0:002  Loading FSInject-64.efi  status=Success
0:142  0:003  Loading HFSPlus.efi  status=Success
0:144  0:002   - driver needs connecting
0:144  0:000  Loading NTFS.efi  status=Success
0:149  0:004   - driver needs connecting
0:149  0:000  Loading PartitionDxe-64.efi  status=Success
0:152  0:003   - driver needs connecting
0:152  0:000  Loading VirtualSmc.efi  status=Success
0:156  0:004  5 drivers needs connecting ...
0:156  0:000  PlatformDriverOverrideProtocol not found. Installing ... Success
0:156  0:000  Partition driver loaded: 
0:156  0:000  HFS+ driver loaded
0:156  0:000  APFS driver loaded
0:156  0:000  Searching for invalid DiskIo BY_DRIVER connects: not found, all ok
6:075  5:918  === [ InitScreen ] ========================================
6:075  0:000  Console modes reported: 4, available modes:
6:075  0:000   - [01]: 80x25 (current mode)
6:075  0:000   - [02]: 80x25
6:075  0:000   - [03]: 100x31
6:075  0:000   - [04]: 170x40
6:075  0:000  SetScreenResolution: 1366x768 - already set
6:075  0:000  SetScreenResolution: 1366x768 - already set
6:075  0:000  reinit: self device path=PciRoot(0x0)\Pci(0x17,0x0)\Sata(0x0,0xFFFF,0x0)\HD(1,GPT,5A07AA00-1A97-4085-A7A6-10795D202682,0x28,0x64000)
6:075  0:000  === [ GetMacAddress ] =====================================
6:075  0:000  MAC address of LAN #0= 20:6A:19:74:11:12:
6:075  0:000  === [ ScanSPD ] ===========================================
6:075  0:000  Scanning SMBus [8086:9D23], mmio: 0xDF332004, ioport: 0xF040, hostc: 0x1
6:094  0:018  Slot: 2 Type 26 8192MB 2400MHz Vendor=NoName PartNo=D4R8GS24A8R SerialNo=000000000000050B
6:095  0:000  === [ GetAcpiTablesList ] =================================
6:102  0:007  Get Acpi Tables List from RSDT:
6:102  0:000   - [00]: FACP  Notebook len=132
6:102  0:000   - [01]: APIC  Notebook len=132
6:102  0:000   - [02]: FPDT  Notebook len=68
6:102  0:000   - [03]: FIDT  Notebook len=156
6:102  0:000   - [04]: MCFG  Notebook len=60
6:102  0:000   - [05]: HPET  Notebook len=56
6:102  0:000   - [06]: SSDT  SataTabl len=789
6:102  0:000   - [07]: ECDT  Notebook len=193
6:102  0:000   - [08]: LPIT  SKL-ULT len=148
6:102  0:000   - [09]: SSDT  sensrhub len=584
6:102  0:000   - [10]: SSDT  zpodd len=1187
6:102  0:000   - [11]: DBGP   len=52
6:102  0:000   - [12]: DBG2   len=84
6:102  0:000   - [13]: SSDT  DptfTabl len=15722
6:102  0:000   - [14]: SSDT  SaSsdt  len=22769
6:102  0:000   - [15]: UEFI   len=66
6:102  0:000   - [16]: SSDT  CpuSsdt len=3699
6:102  0:000   - [17]: BGRT  Notebook len=56
6:102  0:000   - [18]: SSDT  SgPch len=2027
6:102  0:000   - [19]: DMAR  SKL  len=240
6:102  0:000   - [20]: TPM2  Tpm2Tabl len=52
6:102  0:000   - [21]: SSDT  OptTabl len=6842
6:102  0:000  Calibrated TSC Frequency = 1992308860 = 1992MHz
6:102  0:000  === [ GetUserSettings ] ===================================
6:102  0:000  Add 1 devices:
6:102  0:000  USB FixOwnership: yes
6:102  0:000  Dropping 4 tables:
6:102  0:000   - [00]: Drop table  signature="DMAR" (52414D44)
6:102  0:000           - set table: 52414D44,                0 to drop: yes
6:102  0:000   - [01]: Drop table  signature="SSDT" (54445353) table-id="CpuPm" (0000006D50757043)
6:102  0:000           - set table: 54445353,       6D50757043 to drop: no
6:102  0:000   - [02]: Drop table  signature="SSDT" (54445353) table-id="Cpu0Ist" (0074734930757043)
6:102  0:000           - set table: 54445353,   74734930757043 to drop: no
6:102  0:000   - [03]: Drop table  signature="SSDT" (54445353) table-id="CpuSsdt" (0074647353757043)
6:102  0:000           - set table: 54445353,   74647353757043 to drop: yes
6:102  0:000   - final DSDT Fix mask=50040040
6:102  0:000  PatchesDSDT: 5 requested
6:102  0:000   - [00]: (Rename GFX0 to IGPU) lenToFind: 4, lenToReplace: 4, Target Bridge: <null string>
6:102  0:000   - [01]: (Rename XHCI to XHC) lenToFind: 4, lenToReplace: 4, Target Bridge: <null string>
6:102  0:000   - [02]: (Rename SAT0 to SATA) lenToFind: 4, lenToReplace: 4, Target Bridge: <null string>
6:102  0:000   - [03]: (change HDAS to HDEF) lenToFind: 4, lenToReplace: 4, Target Bridge: <null string>
6:102  0:000   - [04]: (change HECI to IMEI) lenToFind: 4, lenToReplace: 4, Target Bridge: <null string>
6:102  0:000  Using ProductName from clover: MacBookPro13,1
6:102  0:000  BiosVersion: not set, Using BiosVersion from clover
6:102  0:000  BiosVersion: MBP131.88Z.F000.B00.1906171613
6:102  0:000  BiosReleaseDate: 06/17/2019
6:102  0:000  Using latest EfiVersion from clover: 236.0.0.0.0
6:102  0:000  Using FirmwareFeatures from clover: 0xFC0FE137
6:102  0:000  Using FirmwareFeaturesMask from config: 0xFF1FFF3F
6:102  0:000  === [ Found DSDT tables ] =================================
6:102  0:000  - DSDT.aml
6:238  0:135  === [ ScanVolumes ] =======================================
6:238  0:000  Found 10 volumes with blockIO
6:238  0:000  - [00]: Volume: PciRoot(0x0)\Pci(0x17,0x0)\Sata(0x0,0xFFFF,0x0)
6:238  0:000  - [01]: Volume: PciRoot(0x0)\Pci(0x17,0x0)\Sata(0x1,0xFFFF,0x0)
6:242  0:003  - [02]: Volume: PciRoot(0x0)\Pci(0x17,0x0)\Sata(0x0,0xFFFF,0x0)\HD(1,GPT,5A07AA00-1A97-4085-A7A6-10795D202682,0x28,0x64000)
6:243  0:000          Result of bootcode detection: bootable unknown (legacy)
6:243  0:000          This is SelfVolume !!
6:243  0:000  - [03]: Volume: PciRoot(0x0)\Pci(0x17,0x0)\Sata(0x0,0xFFFF,0x0)\HD(2,GPT,CD71BC70-C2C0-48CA-9600-10A5CD5E68BE,0x64028,0x1BEC0460)
6:243  0:000          Result of bootcode detection: bootable unknown (legacy)
6:243  0:000  - [04]: Volume: PciRoot(0x0)\Pci(0x17,0x0)\Sata(0x1,0xFFFF,0x0)\HD(1,GPT,B47B56FB-1673-4CBB-81FA-B87F67A10056,0x800,0x3A385000)
6:338  0:095          Result of bootcode detection: bootable Windows (vista,win)
6:338  0:000  - [05]: Volume: PciRoot(0x0)\Pci(0x17,0x0)\Sata(0x0,0xFFFF,0x0)\HD(2,GPT,CD71BC70-C2C0-48CA-9600-10A5CD5E68BE,0x64028,0x1BEC0460)\VenMedia(BE74FCF7-0B7C-49F3-9147-01F4042E6842,DC1AC4146555E44F885DFBAFEFA4338B)
6:339  0:000          hiding this volume
6:339  0:000  - [06]: Volume: PciRoot(0x0)\Pci(0x17,0x0)\Sata(0x0,0xFFFF,0x0)\HD(2,GPT,CD71BC70-C2C0-48CA-9600-10A5CD5E68BE,0x64028,0x1BEC0460)\VenMedia(BE74FCF7-0B7C-49F3-9147-01F4042E6842,6A3BCD8FDA83314A99875045EF59B63D)
6:339  0:000  - [07]: Volume: PciRoot(0x0)\Pci(0x17,0x0)\Sata(0x0,0xFFFF,0x0)\HD(2,GPT,CD71BC70-C2C0-48CA-9600-10A5CD5E68BE,0x64028,0x1BEC0460)\VenMedia(BE74FCF7-0B7C-49F3-9147-01F4042E6842,C6833341CE0E21429077EC06FC58F4C9)
6:339  0:000          hiding this volume
6:339  0:000  - [08]: Volume: PciRoot(0x0)\Pci(0x17,0x0)\Sata(0x0,0xFFFF,0x0)\HD(2,GPT,CD71BC70-C2C0-48CA-9600-10A5CD5E68BE,0x64028,0x1BEC0460)\VenMedia(BE74FCF7-0B7C-49F3-9147-01F4042E6842,927127E9BA8E3944B06748B889E7174A)
6:339  0:000  - [09]: Volume: PciRoot(0x0)\Pci(0x17,0x0)\Sata(0x0,0xFFFF,0x0)\HD(2,GPT,CD71BC70-C2C0-48CA-9600-10A5CD5E68BE,0x64028,0x1BEC0460)\VenMedia(BE74FCF7-0B7C-49F3-9147-01F4042E6842,D3FEC94FBDEB45418F8DC1B57517F350)
6:339  0:000  found 2 handles with audio
6:339  0:000  No AudioIoDevice stored
6:339  0:000  no stored audio parameters
6:339  0:000  === [ InitTheme ] =========================================
6:339  0:000  use night theme
6:339  0:000   using embedded theme
6:339  0:000  got embedded sound
6:339  0:000    Channels: 2  Sample rate: 8000 Hz  Bits: 16
6:339  0:000  output to channel 0 with volume 70, len=25600
6:339  0:000   sound channels=2 bits=16 freq=8000
6:339  0:000  sound converted to 48kHz
6:339  0:000  not found AudioIo to play
6:339  0:000  sound play end with status=Not Found
6:340  0:000  Using embedded font: Success
6:341  0:000  theme inited
6:341  0:000  Chosen embedded theme
6:341  0:000  after NVRAM boot-args=-v keepsyms=1
6:341  0:000  === [ Dump SMC keys from NVRAM ] ==========================
6:341  0:000  found AppleSMC protocol
6:348  0:007  === [ ScanLoader ] ========================================
6:348  0:000  - [02]: 'EFI'
6:349  0:001          AddLoaderEntry for Volume Name=EFI
6:349  0:000          skipped because entry is hidden
6:349  0:000  - [04]: 'Data'
6:362  0:012  - [05]: 'Preboot', hidden
6:362  0:000  - [06]: 'Apacer - Data'
6:367  0:005  - [07]: 'Recovery', hidden
6:367  0:000  - [08]: 'VM'
6:367  0:000  - [09]: 'Apacer'
6:390  0:023          AddLoaderEntry for Volume Name=Apacer
6:397  0:006      hibernated: set as never
6:398  0:001  Scanning legacy ...
6:398  0:000   4: 'Data' (vista,win) add legacy
6:399  0:000   added 'Boot Windows from Data' OSType=2 Icon=vista,win
6:399  0:000  === [ AddCustomTool ] =====================================
6:400  0:000  === [ GetEfiBootDeviceFromNvram ] =========================
6:400  0:000  Default boot entry not found
6:400  0:000  DefaultIndex=-1 and MainMenu.EntryCount=6
6:938  0:538  GUI ready
164:410  157:472  exit from MainMenu 1
164:410  0:000  Boot option Boot0000 not found
164:410  0:000  === [ StartLoader ] =======================================
164:410  0:000  Finally: ExternalClock=25MHz BusSpeed=99616kHz CPUFreq=-4294965304MHz PIS: hw.busfrequency=100000000Hz
164:410  0:000  Loading boot.efi  status=Success
164:446  0:035  GetOSVersion: 10.15.1 (19B88)
164:446  0:000  CSR_CFG: CSR_ALLOW_UNTRUSTED_KEXTS | CSR_ALLOW_UNRESTRICTED_FS | CSR_ALLOW_TASK_FOR_PID | CSR_ALLOW_UNRESTRICTED_DTRACE | CSR_ALLOW_UNRESTRICTED_NVRAM
164:446  0:000  Filtering KextPatches:
164:446  0:000   - [00]: com.apple.driver.usb.AppleUSBXHCI (Unlock Port Limit USB XHC Mojave) :: BinPatch :: [OS: 10.15.1 | MatchOS: 10.14.x | MatchBuild: All] ==> not allowed
164:446  0:000   - [01]: com.apple.iokit.IOAHCIBlockStorage (Enable TRIM for SSD) :: BinPatch :: [OS: 10.15.1 | MatchOS: All | MatchBuild: All] ==> disabled by user
164:446  0:000   - [02]: com.apple.driver.AppleIntelLpssI2C (Prevent Apple I2C kexts from attaching to I2C controllers, credit CoolStar) :: PlistPatch :: [OS: 10.15.1 | MatchOS: All | MatchBuild: All] ==> allowed
164:446  0:000   - [03]: com.apple.driver.AppleIntelLpssI2CController (Prevent Apple I2C kexts from attaching to I2C controllers, credit CoolStar) :: PlistPatch :: [OS: 10.15.1 | MatchOS: All | MatchBuild: All] ==> allowed
164:446  0:000  Filtering KernelPatches:
164:446  0:000   - [00]: MSR 0xE2 _xcpm_idle instant reboot(c) Pike R. Alpha :: [OS: 10.15.1 | MatchOS: All | MatchBuild: no] ==> allowed by OS
164:446  0:000   - [01]: Prevent Long Log Cache when Kernel Panic :: [OS: 10.15.1 | MatchOS: 10.14.1 | MatchBuild: no] ==> not allowed by OS
164:446  0:000   - [02]: Prevent Long Log Cache when Kernel Panic :: [OS: 10.15.1 | MatchOS: 10.13.6 | MatchBuild: no] ==> not allowed by OS
164:446  0:000  Will not patch boot.efi
164:446  0:000  === [ PatchSmbios ] =======================================
164:446  0:000  insert table 9 for dev 0:0
164:446  0:000  insert table 9 for dev 0:0
164:446  0:000  Table 11 present, but rewritten for us
164:447  0:000  Trusting SMBIOS...
164:447  0:000  Channels: 1
164:447  0:000  Interleave: 0 1 2 3 4 5 6 7 8 9 10 11 12 13 14 15 16 17 18 19 20 21 22 23
164:447  0:000   partNum=HMA451S6AFR8N-TF    
164:447  0:000  SMBIOS Type 17 Index = 0 => 0 0:
164:447  0:000  BANK 0 DIMM0 2133MHz 4096MB
164:447  0:000   partNum=D4R8GS24A8R         
164:447  0:000  SMBIOS Type 17 Index = 1 => 1 1:
164:447  0:000  BANK 0 DIMM1 2133MHz 8192MB
164:447  0:000  mTotalSystemMemory = 12288
164:447  0:000  NumberOfMemoryDevices = 2
164:447  0:000  Type20[0]->End = 0x3FFFFF, Type17[0] = 0x1000
164:447  0:000  Type20[1]->End = 0xBFFFFF, Type17[1] = 0x4000
164:447  0:000  Table 131 is present, CPUType=31
164:447  0:000  Change to: 905
164:447  0:000  === [ PatchACPI ] =========================================
164:447  0:000  Xsdt reallocation done
164:447  0:000  old FADT length=10C
164:447  0:000   SignatureFixup: 0xCDE8AF06 -> 0x0
164:447  0:000  Found OperationRegion(GNVS, SystemMemory, 7A424000, ...)
164:447  0:000  Found OperationRegion(CPSB, SystemMemory, 79376F18, ...)
164:447  0:000  Found OperationRegion(PNVA, SystemMemory, 7A425C98, ...)
164:448  0:001  Found OperationRegion(THBA, SystemMemory, FE200000, ...)
164:450  0:001  Found OperationRegion(ITSS, SystemMemory, FDC43100, ...)
164:450  0:000  Found OperationRegion(ABNV, SystemMemory, FFFF0000, ...)
164:450  0:000  Found OperationRegion(TMMB, SystemMemory, FED40000, ...)
164:450  0:000  Found OperationRegion(CRBD, SystemMemory, FED40000, ...)
164:450  0:000  Found OperationRegion(TPMR, SystemMemory, FED40040, ...)
164:450  0:000  Found OperationRegion(DBGM, SystemMemory, D0000, ...)
164:451  0:000  Found OperationRegion(TCMM, SystemMemory, FED40000, ...)
164:451  0:000  DSDT found in Clover volume OEM folder: EFI\CLOVER\ACPI\patched\DSDT.aml
164:453  0:002  Apply DsdtFixMask=0x50040040
164:453  0:000     drop _DSM mask=0xFFFF
164:453  0:000  === [ FixBiosDsdt ] =======================================
164:453  0:000  Patching DSDT:
164:453  0:000   - [Rename GFX0 to IGPU]: pattern 47465830, bin not found / already patched!
164:454  0:000   - [Rename XHCI to XHC]: pattern 58484349, patched at: [ (AB06) ]
164:454  0:000   - [Rename SAT0 to SATA]: pattern 53415430, bin not found / already patched!
164:454  0:000   - [change HDAS to HDEF]: pattern 48444153, bin not found / already patched!
164:454  0:000   - [change HECI to IMEI]: pattern 48454349, bin not found / already patched!
164:455  0:000    0 replacements
164:456  0:001  OperationRegion (GNVS...) corrected from 0x7C427000 to addr=0x7A424000
164:456  0:000  OperationRegion (CPSB...) corrected from 0x7AFB9F18 to addr=0x79376F18
164:457  0:000    indirect name=PNVB
164:457  0:000  OperationRegion (PNVA...) corrected from 0x7C428C98 to addr=0x7A425C98
164:457  0:000  OperationRegion (THBA...) corrected from 0x0 to addr=0xFE200000
164:457  0:000    indirect name=TPMM
164:457  0:000    indirect name=FTPM
164:457  0:000  Start Mutex Fix
164:457  0:000  PreCleanup XSDT: count=22, length=212
164:457  0:000  PreCleanup XSDT, corrected XSDT: count=22, length=212
164:457  0:000  === [ ACPIDropTables ] ====================================
164:457  0:000  Drop tables from XSDT, SIGN=DMAR TableID=SKL  Length=240
164:457  0:000   Table[19]: DMAR  SKL   240 dropped
164:457  0:000  Drop tables from XSDT, SIGN=SSDT TableID=CpuSsdt Length=3699
164:457  0:000   Table[16]: SSDT  CpuSsdt  3699 dropped
164:457  0:000  Patching SSDT SataTabl Length=789
164:457  0:000  0. [Rename GFX0 to IGPU]: pattern 47465830, bin not found / already patched!
164:457  0:000  1. [Rename XHCI to XHC]: pattern 58484349, bin not found / already patched!
164:457  0:000  2. [Rename SAT0 to SATA]: pattern 53415430, patched at: [ (B5) ]
164:457  0:000  3. [change HDAS to HDEF]: pattern 48444153, bin not found / already patched!
164:457  0:000  4. [change HECI to IMEI]: pattern 48454349, bin not found / already patched!
164:457  0:000    0 replacements
164:457  0:000  Patching SSDT sensrhub Length=584
164:457  0:000  0. [Rename GFX0 to IGPU]: pattern 47465830, bin not found / already patched!
164:457  0:000  1. [Rename XHCI to XHC]: pattern 58484349, bin not found / already patched!
164:457  0:000  2. [Rename SAT0 to SATA]: pattern 53415430, bin not found / already patched!
164:457  0:000  3. [change HDAS to HDEF]: pattern 48444153, bin not found / already patched!
164:457  0:000  4. [change HECI to IMEI]: pattern 48454349, bin not found / already patched!
164:457  0:000    0 replacements
164:457  0:000  Patching SSDT zpodd Length=1187
164:457  0:000  0. [Rename GFX0 to IGPU]: pattern 47465830, bin not found / already patched!
164:457  0:000  1. [Rename XHCI to XHC]: pattern 58484349, bin not found / already patched!
164:457  0:000  2. [Rename SAT0 to SATA]: pattern 53415430, patched at: [ (2A) (1FA) (258) ]
164:457  0:000  3. [change HDAS to HDEF]: pattern 48444153, bin not found / already patched!
164:457  0:000  4. [change HECI to IMEI]: pattern 48454349, bin not found / already patched!
164:457  0:000    0 replacements
164:457  0:000  Patching SSDT DptfTabl Length=15722
164:457  0:000  0. [Rename GFX0 to IGPU]: pattern 47465830, patched at: [ (2D4B) (15) (25) (14) (1F) (15) (22) (15) ]
164:457  0:000  1. [Rename XHCI to XHC]: pattern 58484349, bin not found / already patched!
164:457  0:000  2. [Rename SAT0 to SATA]: pattern 53415430, bin not found / already patched!
164:457  0:000  3. [change HDAS to HDEF]: pattern 48444153, bin not found / already patched!
164:457  0:000  4. [change HECI to IMEI]: pattern 48454349, bin not found / already patched!
164:458  0:000    0 replacements
164:458  0:000  Patching SSDT SaSsdt  Length=22769
164:458  0:000  0. [Rename GFX0 to IGPU]: pattern 47465830, patched at: [ (2BF) (1D41) (AD5) (1D) (27B) (1209) (12) (12) (57) (30) (84) ]
164:458  0:000  1. [Rename XHCI to XHC]: pattern 58484349, bin not found / already patched!
164:458  0:000  2. [Rename SAT0 to SATA]: pattern 53415430, bin not found / already patched!
164:458  0:000  3. [change HDAS to HDEF]: pattern 48444153, bin not found / already patched!
164:458  0:000  4. [change HECI to IMEI]: pattern 48454349, bin not found / already patched!
164:458  0:000    0 replacements
164:458  0:000  Found OperationRegion(SANV, SystemMemory, 7A412D98, ...)
164:458  0:000  Patching SSDT SgPch Length=2027
164:458  0:000  0. [Rename GFX0 to IGPU]: pattern 47465830, bin not found / already patched!
164:458  0:000  1. [Rename XHCI to XHC]: pattern 58484349, bin not found / already patched!
164:458  0:000  2. [Rename SAT0 to SATA]: pattern 53415430, bin not found / already patched!
164:458  0:000  3. [change HDAS to HDEF]: pattern 48444153, bin not found / already patched!
164:458  0:000  4. [change HECI to IMEI]: pattern 48454349, bin not found / already patched!
164:458  0:000    0 replacements
164:458  0:000  Patching SSDT OptTabl Length=6842
164:458  0:000  0. [Rename GFX0 to IGPU]: pattern 47465830, patched at: [ (122) (19) (15E) (A4) (527) (11FF) (11) ]
164:458  0:000  1. [Rename XHCI to XHC]: pattern 58484349, bin not found / already patched!
164:458  0:000  2. [Rename SAT0 to SATA]: pattern 53415430, bin not found / already patched!
164:458  0:000  3. [change HDAS to HDEF]: pattern 48444153, bin not found / already patched!
164:458  0:000  4. [change HECI to IMEI]: pattern 48454349, bin not found / already patched!
164:458  0:000    0 replacements
164:458  0:000  === [ ACPIPatchedAML ] ====================================
164:458  0:000  Unsorted
164:458  0:000  Inserting SSDT-PNLF.aml from EFI\CLOVER\ACPI\patched: size=1063 ... Success
164:458  0:000  Inserting SSDT-ECUSBX.aml from EFI\CLOVER\ACPI\patched: size=209 ... Success
164:458  0:000  CPUBase=0 and ApicCPUBase=1 ApicCPUNum=1
164:458  0:000  Maximum control=0x14
164:458  0:000  P-States: min 0x4, max 0x14
164:458  0:000  SSDT with plugin-type without P-States is generated
164:458  0:000  Cleanup XSDT: count=25, length=236
164:458  0:000  corrected XSDT count=23, length=220
164:458  0:000  === [ RestSetup macOS ] ===================================
164:458  0:000  EdidDiscovered size=128
164:458  0:000  --- Discovered EDID Table size:128
164:458  0:000  000  |  00  FF  FF  FF  FF  FF  FF  00  0D  AE
164:458  0:000  010  |  93  14  00  00  00  00  28  17  01  04
164:458  0:000  020  |  95  1F  11  78  02  7E  45  93  55  53
164:458  0:000  030  |  94  28  23  50  54  00  00  00  01  01
164:458  0:000  040  |  01  01  01  01  01  01  01  01  01  01
164:458  0:000  050  |  01  01  01  01  DA  1D  56  E2  50  00
164:458  0:000  060  |  20  30  44  2D  47  00  35  AD  10  00
164:458  0:000  070  |  00  18  00  00  00  FE  00  4E  31  34
164:458  0:000  080  |  30  42  47  45  2D  45  34  33  0A  20
164:458  0:000  090  |  00  00  00  FE  00  43  4D  4E  0A  20
164:458  0:000  100  |  20  20  20  20  20  20  20  20  00  00
164:458  0:000  110  |  00  FE  00  4E  31  34  30  42  47  45
164:458  0:000  120  |  2D  45  34  33  0A  20  00  95
164:458  0:000  add device: PciRoot(0x0)/Pci(0x2,0x0)
164:458  0:000     Add key=framebuffer-stolenmem valuelen=4
164:458  0:000     Add key=framebuffer-patch-enable valuelen=4
164:458  0:000     Add key=framebuffer-fbmem valuelen=4
164:458  0:000  Intel GFX injection not set
164:458  0:000   RCBA disabled; cannot use it
164:459  0:000   setting specified layout-id=21 (0x15)
164:459  0:000  stringlength = 1530
164:459  0:000  CurrentMode: Width=1366 Height=768
164:459  0:000  Beginning FSInjection
FSInjectionInstall ...
- Our FSI_SIMPLE_FILE_SYSTEM_PROTOCOL installed on handle: 76DC3998
FSInjectionInstall ...
- Our FSI_SIMPLE_FILE_SYSTEM_PROTOCOL installed on handle: 76DC3998
164:474  0:015  Use origin smbios table type 1 guid.
164:477  0:002  Preparing kexts injection for arch=x86_64 from EFI\CLOVER\kexts\Other
164:477  0:000  Extra kext: EFI\CLOVER\kexts\Other\SMCBatteryManager.kext (v.1)
164:489  0:012  Extra kext: EFI\CLOVER\kexts\Other\RealtekRTL8100.kext (v.2.0.1)
164:491  0:001  Extra kext: EFI\CLOVER\kexts\Other\WhateverGreen.kext (v.1.3.3)
164:496  0:004  Extra kext: EFI\CLOVER\kexts\Other\VoodooTSCSync.kext (v.1.5.0)
164:497  0:000  Extra kext: EFI\CLOVER\kexts\Other\VoodooPS2Controller.kext (v.1.9.2)
164:498  0:001    |-- PlugIn kext: EFI\CLOVER\kexts\Other\VoodooPS2Controller.kext\Contents\PlugIns\VoodooPS2Trackpad.kext (v.1.9.2)
164:500  0:001    |-- PlugIn kext: EFI\CLOVER\kexts\Other\VoodooPS2Controller.kext\Contents\PlugIns\VoodooPS2Mouse.kext (v.1.9.2)
164:502  0:001    |-- PlugIn kext: EFI\CLOVER\kexts\Other\VoodooPS2Controller.kext\Contents\PlugIns\VoodooPS2Keyboard.kext (v.1.9.2)
164:504  0:002  Extra kext: EFI\CLOVER\kexts\Other\VoodooI2C.kext (v.2.1.4)
164:508  0:003    |-- PlugIn kext: EFI\CLOVER\kexts\Other\VoodooI2C.kext\Contents\PlugIns\VoodooI2CServices.kext (v.1)
164:510  0:002    |-- PlugIn kext: EFI\CLOVER\kexts\Other\VoodooI2C.kext\Contents\PlugIns\VoodooI2CHID.kext (v.1)
164:514  0:003    |-- PlugIn kext: EFI\CLOVER\kexts\Other\VoodooI2C.kext\Contents\PlugIns\VoodooGPIO.kext (v.1.1)
164:516  0:002  Extra kext: EFI\CLOVER\kexts\Other\VirtualSMC.kext (v.1.0.8)
164:520  0:003  Extra kext: EFI\CLOVER\kexts\Other\USBInjectAll.kext (v.0.7.1)
164:567  0:047  Extra kext: EFI\CLOVER\kexts\Other\IO80211Family.kext (v.1100.23)
164:575  0:007    |-- PlugIn kext: EFI\CLOVER\kexts\Other\IO80211Family.kext\Contents\PlugIns\IO80211NetBooter.kext (v.1100.23)
164:580  0:004    |-- PlugIn kext: EFI\CLOVER\kexts\Other\IO80211Family.kext\Contents\PlugIns\AppleAirPortBrcm43224.kext (v.700.36.24)
164:589  0:008    |-- PlugIn kext: EFI\CLOVER\kexts\Other\IO80211Family.kext\Contents\PlugIns\AirPortBrcm4360.kext (v.1000.13.1a3)
164:613  0:023    |-- PlugIn kext: EFI\CLOVER\kexts\Other\IO80211Family.kext\Contents\PlugIns\AirPortBrcm4331.kext (v.800.20.24)
164:625  0:012    |-- PlugIn kext: EFI\CLOVER\kexts\Other\IO80211Family.kext\Contents\PlugIns\AirPortAtheros40.kext (v.700.74.5)
164:634  0:008  Extra kext: EFI\CLOVER\kexts\Other\NoTouchID.kext (v.1.0.1)
164:636  0:002  Extra kext: EFI\CLOVER\kexts\Other\Lilu.kext (v.1.3.8)
164:639  0:002  Extra kext: EFI\CLOVER\kexts\Other\GenericUSBXHCI.kext (v.1.2.11)
164:642  0:003  Extra kext: EFI\CLOVER\kexts\Other\CustomECPowerUSBFix.kext (v.8.8.8)
164:647  0:004  Extra kext: EFI\CLOVER\kexts\Other\CPUFriendDataProvider.kext (v.1.0.0)
164:648  0:000  Extra kext: EFI\CLOVER\kexts\Other\CPUFriend.kext (v.1.1.6)
164:649  0:001  Extra kext: EFI\CLOVER\kexts\Other\AsusSMC.kext (v.1.0.1)
164:651  0:001  Extra kext: EFI\CLOVER\kexts\Other\AppleALC.kext (v.1.4.2)
164:775  0:124  SetStartupDiskVolume:
164:775  0:000    * Volume: 'Apacer'
164:775  0:000    * LoaderPath: '<null string>'
164:775  0:000    * DevPath: Apacer
164:775  0:000    * GUID = CD71BC70-C2C0-48CA-9600-10A5CD5E68BE
164:778  0:002    * efi-boot-device: <array><dict><key>IOMatch</key><dict><key>IOProviderClass</key><string>IOMedia</string><key>IOPropertyMatch</key><dict><key>UUID</key><string>CD71BC70-C2C0-48CA-9600-10A5CD5E68BE</string></dict></dict></dict></array>
164:781  0:003  Custom boot screen not used because entry has unset use graphics
164:783  0:002  Closing log
